INFO (ABS-19020): Starting @(#)$CDS: virtuoso version 6.1.8-64b 10/08/2019 20:07 (sjfhw316) $, sub-version  IC6.1.8-64b.500.7 , on Linux 2.6.32-431.11.2.el6.x86_64
INFO (ABS-19046): Abstract Generator no longer uses the '.abstract.options' file in the selected design library as the default options file. The new default file location is <current working directory>/.abstract/<library name>/.abstract.options. 
INFO (ABS-10500): Library KALHALL_STD_LIB Opening /home/saul/projects/KALLHALL/KALHALL_STD_LIB
INFO (ABS-10011): Verifying Technology Data ...
INFO (ABS-10012): Layer summary: 4 metal layer(s), 3 via layer(s), 3 poly layer(s), and 1 diff layer(s) found
INFO (ABS-20023): Via summary: 3 valid via(s) found
INFO (ABS-20049): The layer ndiff, defined in the spacingTables section of the foundry constraint group, is also defined in the techDerivedLayers section of the technology file. The abstract generator does not support derived layers and this layer will, therefore, be ignored. As a result, the abstracts generated will not have any shape on this layer.
INFO (ABS-20049): The layer pdiff, defined in the spacingTables section of the foundry constraint group, is also defined in the techDerivedLayers section of the technology file. The abstract generator does not support derived layers and this layer will, therefore, be ignored. As a result, the abstracts generated will not have any shape on this layer.
INFO (ABS-20049): The layer ndiff, defined in the spacingTables section of the foundry constraint group, is also defined in the techDerivedLayers section of the technology file. The abstract generator does not support derived layers and this layer will, therefore, be ignored. As a result, the abstracts generated will not have any shape on this layer.
INFO (ABS-20049): The layer pdiff, defined in the spacingTables section of the foundry constraint group, is also defined in the techDerivedLayers section of the technology file. The abstract generator does not support derived layers and this layer will, therefore, be ignored. As a result, the abstracts generated will not have any shape on this layer.
INFO (ABS-20049): The layer ndiff, defined in the spacingTables section of the foundry constraint group, is also defined in the techDerivedLayers section of the technology file. The abstract generator does not support derived layers and this layer will, therefore, be ignored. As a result, the abstracts generated will not have any shape on this layer.
INFO (ABS-20049): The layer ptap, defined in the spacingTables section of the foundry constraint group, is also defined in the techDerivedLayers section of the technology file. The abstract generator does not support derived layers and this layer will, therefore, be ignored. As a result, the abstracts generated will not have any shape on this layer.
INFO (ABS-20049): The layer ntap, defined in the spacingTables section of the foundry constraint group, is also defined in the techDerivedLayers section of the technology file. The abstract generator does not support derived layers and this layer will, therefore, be ignored. As a result, the abstracts generated will not have any shape on this layer.
INFO (ABS-10503): Loading options for library KALHALL_STD_LIB from file /home/saul/projects/KALLHALL/.abstract/KALHALL_STD_LIB/.abstract.options.
INFO (ABS-10501): Library KALHALL_STD_LIB Loading 5 cells
INFO (ABS-10502): Library KALHALL_STD_LIB Loaded 5 cells
INFO (ABS-10507): Library KALHALL_STD_LIB opened
INFO (ABS-19046): Abstract Generator no longer uses the '.abstract.options' file in the selected design library as the default options file. The new default file location is <current working directory>/.abstract/<library name>/.abstract.options. 
INFO (ABS-19047): Abstract Generator no longer uses the '.abstract.status' file present in the selected lib/cell directory . The new default file location for each cell is <current working directory>/.abstract/<library name>/cellStatus/.abstract.status.<cellName>. 
*WARNING* (ABS-20061): Abstract Generator will ignore the value of the 'ReadOnlyTechnology' option and will not save the layer-purpose pairs in the technology file. Support for the 'ReadOnlyTechnology' option will be removed in a future release.
INFO (ABS-10503): Loading options for library KALHALL_STD_LIB from file /home/saul/projects/KALLHALL/.abstract/KALHALL_STD_LIB/.abstract.options.
INFO (ABS-19022): Running Abstract 20 percent complete...
INFO (ABS-12015): Cell DFFX1: The prBoundary does not enclose all cellview geometries. This is because not all layers with geometry for calculating prBoundary have been specified in the "Using geometry on layers" field on the "Boundary" tab. Ensure that all the required layers have been specified in this field.
INFO (ABS-12001): Cell DFFX1: There are 6 existing terminals. No pins will be added for them.
INFO (ABS-13002): Cell DFFX1: extracting 6 nets
INFO (ABS-13004): Cell DFFX1: extracting the net CK, 1 of 6.
INFO (ABS-13004): Cell DFFX1: extracting the net D, 2 of 6.
INFO (ABS-13004): Cell DFFX1: extracting the net Q, 3 of 6.
INFO (ABS-13004): Cell DFFX1: extracting the net QN, 4 of 6.
INFO (ABS-13004): Cell DFFX1: extracting the net VSS!, 5 of 6.
INFO (ABS-13004): Cell DFFX1: extracting the net VDD!, 6 of 6.
INFO (ABS-19026): Cell DFFX1: Generating detailed blockages for layer Metal1
INFO (ABS-19026): Cell DFFX1: Generating detailed blockages for layer Via1
INFO (ABS-19026): Cell DFFX1: Generating detailed blockages for layer Metal2
INFO (ABS-19022): Running Abstract 30 percent complete...
INFO (ABS-19026): Cell DFFX1: Generating detailed blockages for layer Via2
INFO (ABS-19026): Cell DFFX1: Generating detailed blockages for layer Metal3
INFO (ABS-19026): Cell DFFX1: Generating detailed blockages for layer Via3
INFO (ABS-19026): Cell DFFX1: Generating detailed blockages for layer Metal4
*WARNING* (ABS-11026): Bus annotation cannot be completed for the specified abstract because the logical view for cell DFFX1 is invalid.
INFO (ABS-19022): Running Abstract 60 percent complete...
INFO (ABS-14028): Cell DFFX1: predefined site CoreSite will be used
INFO (ABS-19022): Running Abstract 80 percent complete...
INFO (ABS-19022): Running Abstract 20 percent complete...
INFO (ABS-12015): Cell DFFX1: The prBoundary does not enclose all cellview geometries. This is because not all layers with geometry for calculating prBoundary have been specified in the "Using geometry on layers" field on the "Boundary" tab. Ensure that all the required layers have been specified in this field.
INFO (ABS-12001): Cell DFFX1: There are 6 existing terminals. No pins will be added for them.
INFO (ABS-13002): Cell DFFX1: extracting 6 nets
INFO (ABS-13004): Cell DFFX1: extracting the net CK, 1 of 6.
INFO (ABS-13004): Cell DFFX1: extracting the net D, 2 of 6.
INFO (ABS-13004): Cell DFFX1: extracting the net Q, 3 of 6.
INFO (ABS-13004): Cell DFFX1: extracting the net QN, 4 of 6.
INFO (ABS-13004): Cell DFFX1: extracting the net VDD, 5 of 6.
INFO (ABS-13004): Cell DFFX1: extracting the net VSS, 6 of 6.
INFO (ABS-19026): Cell DFFX1: Generating detailed blockages for layer Metal1
INFO (ABS-19026): Cell DFFX1: Generating detailed blockages for layer Via1
INFO (ABS-19026): Cell DFFX1: Generating detailed blockages for layer Metal2
INFO (ABS-19026): Cell DFFX1: Generating detailed blockages for layer Via2
INFO (ABS-19026): Cell DFFX1: Generating detailed blockages for layer Metal3
INFO (ABS-19022): Running Abstract 30 percent complete...
INFO (ABS-19026): Cell DFFX1: Generating detailed blockages for layer Via3
INFO (ABS-19026): Cell DFFX1: Generating detailed blockages for layer Metal4
*WARNING* (ABS-11026): Bus annotation cannot be completed for the specified abstract because the logical view for cell DFFX1 is invalid.
INFO (ABS-19022): Running Abstract 50 percent complete...
INFO (ABS-14028): Cell DFFX1: predefined site CoreSite will be used
INFO (ABS-19022): Running Abstract 80 percent complete...
INFO (ABS-19021): Finished sub-version  IC6.1.8-64b.500.7 
INFO (ABS-10508): Library KALHALL_STD_LIB closing /home/saul/projects/KALLHALL/KALHALL_STD_LIB
INFO (ABS-10509): Saving existing options file for library KALHALL_STD_LIB to /home/saul/projects/KALLHALL/.abstract/KALHALL_STD_LIB/.abstract.options.prev
INFO (ABS-10511): Saving current option settings for library KALHALL_STD_LIB to the file /home/saul/projects/KALLHALL/.abstract/KALHALL_STD_LIB/.abstract.options.
INFO (ABS-10515): Library KALHALL_STD_LIB closed
INFO (ABS-10529): Abstract Generation finished for Library KALHALL_STD_LIB 
