\o Program:		@(#)$CDS: libManager version 6.1.8 - CAT37 09/03/2019 21:35 (ip-172-18-22-89) $
\o Sub version:		sub-version  s061 
\o Arguments:		-unmapped -mpssession virtuoso20052 -mpshost s2424 
\o Working Directory:	s2424:/home/saul/projects/KALLHALL
\o 64-bit offsets
\o Qt version: 		5.9.1
\o changeWorkingDir("/home/saul/projects/KALLHALL") unnecessary.
\o ddSetForcedLib("") unnecessary.
\o Log file is "/home/saul/projects/KALLHALL/libManager.log".
\o Opening libManager window.
\a nrSetWindowVisibility(cdsLibManager "show")
\o MPS service: map window
\o Library Manager customization server connected.
\a nrSetCurrentWindow(cdsLibManager)
\a nrResizeWindow(cdsLibManager list(2404 88 751 768))
\a nrResizeWindow(cdsLibManager list(2132 88 751 768))
\a nrSetCurrentWindow(cdsLibManager)
\a nrResizeWindow(cdsLibManager list(2131 88 751 768))
\a nrSetCurrentWindow(cdsLibManager)
\a cdsLibManager->libListBox->value = "PCELL_KAL3_DEV"
\a cdsLibManager->libLineEdit->value = "PCELL_KAL3_DEV"
\a cdsLibManager->libListBox->value = "KALHALL_STD_LIB"
\a cdsLibManager->libLineEdit->value = "KALHALL_STD_LIB"
\a cdsLibManager->cellListBox->value = "NOR2X1"
\a cdsLibManager->cellLineEdit->value = "NOR2X1"
\a cdsLibManager->cellListBox->value = "NAND2X1"
\a cdsLibManager->cellLineEdit->value = "NAND2X1"
\a cdsLibManager->cellListBox->value = "INVX1"
\a cdsLibManager->cellLineEdit->value = "INVX1"
\a cdsLibManager->cellListBox->value = "DFFX1"
\a cdsLibManager->cellLineEdit->value = "DFFX1"
\a cdsLibManager->cellListBox->value = "BUFX2"
\a cdsLibManager->cellLineEdit->value = "BUFX2"
\a lmgrLogShowPopup("mainListPopup1" 23 6 2 "BUFX2")
\a cdsLibManager->editPropertiesButton->value = t
\o MPS request: edit property
\a nrSetWindowVisibility(cdsLibManager "hide")
\a nrSetWindowVisibility(cdsLibManager "show")
\a nrSetCurrentWindow(cdsLibManager)
\a cdsLibManager->FileNewLibButton->value = t
\a nrSetWindowVisibility(NewLibShell "show")
\a nrSetCurrentWindow(NewLibShell)
\a nrSetCurrentWindow(NewLibShell->subDialog)
\a nrResizeWindow(NewLibShell list(2243 153 507 559))
\a NewLibShell->newLibNameText->value = "KALLHALL_STD_LIB2"
\a NewLibShell->newLibOKButton->value = t
\a nrSetWindowVisibility(workingDialogForm "show")
\a nrSetCurrentWindow(workingDialogForm)
\o Created new library "KALLHALL_STD_LIB2" at /home/saul/projects/KALLHALL/KALLHALL_STD_LIB2.
\a nrResizeWindow(workingDialogForm list(2322 366 349 133))
\a nrSetCurrentWindow(cdsLibManager)
\a cdsLibManager->libListBox->value = nil
\a cdsLibManager->libLineEdit->value = ""
\a cdsLibManager->cellLineEdit->value = ""
\a cdsLibManager->cellListBox->value = nil
\a cdsLibManager->libListBox->value = "KALHALL_STD_LIB"
\a cdsLibManager->libLineEdit->value = "KALHALL_STD_LIB"
\a cdsLibManager->cellListBox->value = "BUFX2"
\a cdsLibManager->cellLineEdit->value = "BUFX2"
\a nrResizeWindow(workingDialogForm list(2322 336 349 133))
\a nrResizeWindow(NewLibShell list(2243 123 507 559))
\a cdsLibManager->libListBox->value = nil
\a cdsLibManager->libLineEdit->value = ""
\a cdsLibManager->cellListBox->value = nil
\a cdsLibManager->cellLineEdit->value = ""
\a cdsLibManager->libListBox->value = "KALHALL_STD_LIB"
\a cdsLibManager->libLineEdit->value = "KALHALL_STD_LIB"
\a cdsLibManager->cellListBox->value = "BUFX2"
\a cdsLibManager->cellLineEdit->value = "BUFX2"
\a nrSetCurrentWindow(cdsLibManager)
\a nrSetCurrentWindow(cdsLibManager)
\a nrSetCurrentWindow(cdsLibManager)
\a cdsLibManager->cellListBox->value = "INVX1"
\a cdsLibManager->cellLineEdit->value = "INVX1"
\a cdsLibManager->cellListBox->value = "NOR2X1"
\a cdsLibManager->cellLineEdit->value = "NOR2X1"
\a cdsLibManager->cellListBox->value = "NAND2X1"
\a cdsLibManager->cellLineEdit->value = "NAND2X1"
\a cdsLibManager->cellListBox->value = "INVX1"
\a cdsLibManager->cellLineEdit->value = "INVX1"
\a cdsLibManager->cellListBox->value = "DFFX1"
\a cdsLibManager->cellLineEdit->value = "DFFX1"
\a cdsLibManager->cellListBox->value = "BUFX2"
\a cdsLibManager->cellLineEdit->value = "BUFX2"
\a cdsLibManager->cellListBox->value = "DFFX1"
\a cdsLibManager->cellLineEdit->value = "DFFX1"
\a cdsLibManager->cellListBox->value = "BUFX2"
\a cdsLibManager->cellLineEdit->value = "BUFX2"
\a cdsLibManager->cellListBox->value = "NOR2X1"
\a cdsLibManager->cellLineEdit->value = "NOR2X1"
\a cdsLibManager->cellListBox->value = "NAND2X1"
\a cdsLibManager->cellLineEdit->value = "NAND2X1"
\a cdsLibManager->cellListBox->value = "BUFX2"
\a cdsLibManager->cellLineEdit->value = "BUFX2"
\a cdsLibManager->cellLineEdit->value = ""
\a cdsLibManager->cellListBox->value = nil
\a cdsLibManager->libLineEdit->value = ""
\a cdsLibManager->libListBox->value = nil
\a cdsLibManager->libListBox->value = "KALHALL_STD_LIB"
\a cdsLibManager->libLineEdit->value = "KALHALL_STD_LIB"
\a lmgrLogShowPopup("mainListPopup0" 48 35 2 "KALHALL_STD_LIB")
\a cdsLibManager->copySimpleButton->value = t
\a basicCopyForm->CopyFromLibrary->value = "KAL"
\a basicCopyForm->CopyToLibrary->value = "KAL"
\a basicCopyForm->CopyFromLibrary->value = "KALHALL_STD_LIB"
\a basicCopyForm->CopyToLibrary->value = "KALHALL_STD_LIB"
\a nrSetWindowVisibility(basicCopyForm "show")
\a nrSetCurrentWindow(basicCopyForm)
\a nrResizeWindow(basicCopyForm list(2345 274 303 316))
\a basicCopyForm->Cancel->value = t
\a nrSetCurrentWindow(cdsLibManager)
\a nrResizeWindow(basicCopyForm list(2345 244 303 316))
\a cdsLibManager->cellListBox->value = "BUFX2"
\a cdsLibManager->cellLineEdit->value = "BUFX2"
\a cdsLibManager->copySimpleButton->value = t
\a copyCellForm->SkipLibrariesEdit->value = "*"
\a copyCellForm->SkipLibrariesEdit->value = "*"
\a copyCellForm->CopyFromLibrary->value = "KAL"
\a copyCellForm->CopyToLibrary->value = "KAL"
\a copyCellForm->CopyFromLibrary->value = "KALHALL_STD_LIB"
\a copyCellForm->CopyFromCell->value = "BUFX2"
\a copyCellForm->CopyToLibrary->value = "KALHALL_STD_LIB"
\a copyCellForm->CopyToCell->value = "BUFX2"
\a copyCellForm->ViewsToCopy->value = "abstract functional layout schematic symbol"
\a copyCellForm->SkipLibrariesEdit->value = ""
\a copyCellForm->SkipLibrariesEdit->value = "KAL KAL3 KALLHALL_STD_LIB2 PCELL_KAL3_DEV TEST_KAL3 TST_LVS US_8ths ahdlLib analogLib avTech basic cdsDefTechLib functional rfExamples rfLib rfTlineLib"
\a nrSetWindowVisibility(copyCellForm "show")
\a nrSetCurrentWindow(copyCellForm)
\a nrResizeWindow(copyCellForm list(2262 103 468 659))
\a copyCellForm->CopyToLibrary->value = "KALLHALL_STD_LIB2"
\a copyCellForm->CopyHierarchical->value = t
\a copyCellForm->CopyHierarchical->value = nil
\a copyCellForm->OK->value = t
\o Beginning simple copy to library "KALLHALL_STD_LIB2".
\o Processing files to be copied...
\a nrSetCurrentWindow(workingDialogForm)
\a nrResizeWindow(workingDialogForm list(2360 396 273 133))
\a nrSetCurrentWindow(cdsLibManager)
\a nrSetCurrentWindow(workingDialogForm)
\a nrResizeWindow(copyCellForm list(2262 73 468 659))
\o Copy succeeded.
\a copyCellForm->SkipLibrariesEdit->value = "*"
\a nrSetCurrentWindow(cdsLibManager)
\a nrResizeWindow(workingDialogForm list(2360 366 273 133))
\a cdsLibManager->cellListBox->value = "DFFX1"
\a cdsLibManager->cellLineEdit->value = "DFFX1"
\a lmgrLogShowPopup("mainListPopup1" 24 22 2 "DFFX1")
\a cdsLibManager->copySimpleButton->value = t
\a copyCellForm->SkipLibrariesEdit->value = "*"
\a copyCellForm->ViewsToCopy->value = ""
\a copyCellForm->CopyFromCell->value = ""
\a copyCellForm->CopyToCell->value = ""
\a copyCellForm->CopyFromLibrary->value = ""
\a copyCellForm->CopyToLibrary->value = ""
\a copyCellForm->CopyFromLibrary->value = "KAL"
\a copyCellForm->CopyToLibrary->value = "KAL"
\a copyCellForm->CopyFromLibrary->value = "KALHALL_STD_LIB"
\a copyCellForm->CopyFromCell->value = "DFFX1"
\a copyCellForm->CopyToLibrary->value = "KALHALL_STD_LIB"
\a copyCellForm->CopyToCell->value = "DFFX1"
\a copyCellForm->ViewsToCopy->value = "abstract functional layout schematic symbol"
\a copyCellForm->SkipLibrariesEdit->value = ""
\a copyCellForm->SkipLibrariesEdit->value = "KAL KAL3 KALLHALL_STD_LIB2 PCELL_KAL3_DEV TEST_KAL3 TST_LVS US_8ths ahdlLib analogLib avTech basic cdsDefTechLib functional rfExamples rfLib rfTlineLib"
\a nrSetCurrentWindow(copyCellForm)
\a nrResizeWindow(copyCellForm list(2262 103 468 659))
\a copyCellForm->CopyToLibrary->value = "KALLHALL_STD_LIB2"
\a copyCellForm->OK->value = t
\o Beginning simple copy to library "KALLHALL_STD_LIB2".
\o Processing files to be copied...
\a nrSetCurrentWindow(workingDialogForm)
\a nrResizeWindow(workingDialogForm list(2360 396 273 133))
\a nrSetCurrentWindow(cdsLibManager)
\a nrSetCurrentWindow(workingDialogForm)
\a nrResizeWindow(copyCellForm list(2262 73 468 659))
\o Copy succeeded.
\a copyCellForm->SkipLibrariesEdit->value = "*"
\a nrSetCurrentWindow(cdsLibManager)
\a nrResizeWindow(workingDialogForm list(2360 366 273 133))
\a cdsLibManager->cellListBox->value = "INVX1"
\a cdsLibManager->cellLineEdit->value = "INVX1"
\a lmgrLogShowPopup("mainListPopup1" 30 45 2 "INVX1")
\a cdsLibManager->copySimpleButton->value = t
\a copyCellForm->SkipLibrariesEdit->value = "*"
\a copyCellForm->ViewsToCopy->value = ""
\a copyCellForm->CopyFromCell->value = ""
\a copyCellForm->CopyToCell->value = ""
\a copyCellForm->CopyFromLibrary->value = ""
\a copyCellForm->CopyToLibrary->value = ""
\a copyCellForm->CopyFromLibrary->value = "KAL"
\a copyCellForm->CopyToLibrary->value = "KAL"
\a copyCellForm->CopyFromLibrary->value = "KALHALL_STD_LIB"
\a copyCellForm->CopyFromCell->value = "INVX1"
\a copyCellForm->CopyToLibrary->value = "KALHALL_STD_LIB"
\a copyCellForm->CopyToCell->value = "INVX1"
\a copyCellForm->ViewsToCopy->value = "abstract functional layout schematic symbol"
\a copyCellForm->SkipLibrariesEdit->value = ""
\a copyCellForm->SkipLibrariesEdit->value = "KAL KAL3 KALLHALL_STD_LIB2 PCELL_KAL3_DEV TEST_KAL3 TST_LVS US_8ths ahdlLib analogLib avTech basic cdsDefTechLib functional rfExamples rfLib rfTlineLib"
\a nrSetCurrentWindow(copyCellForm)
\a nrResizeWindow(copyCellForm list(2262 103 468 659))
\a copyCellForm->CopyToLibrary->value = "KALLHALL_STD_LIB2"
\a copyCellForm->OK->value = t
\o Beginning simple copy to library "KALLHALL_STD_LIB2".
\o Processing files to be copied...
\a nrSetCurrentWindow(workingDialogForm)
\a nrResizeWindow(workingDialogForm list(2360 396 273 133))
\a nrSetCurrentWindow(cdsLibManager)
\a nrSetCurrentWindow(workingDialogForm)
\a nrResizeWindow(copyCellForm list(2262 73 468 659))
\o Copy succeeded.
\a copyCellForm->SkipLibrariesEdit->value = "*"
\a nrSetCurrentWindow(cdsLibManager)
\a nrResizeWindow(workingDialogForm list(2360 366 273 133))
\a cdsLibManager->cellListBox->value = "NAND2X1"
\a cdsLibManager->cellLineEdit->value = "NAND2X1"
\a lmgrLogShowPopup("mainListPopup1" 54 58 2 "NAND2X1")
\a cdsLibManager->copySimpleButton->value = t
\a copyCellForm->SkipLibrariesEdit->value = "*"
\a copyCellForm->ViewsToCopy->value = ""
\a copyCellForm->CopyFromCell->value = ""
\a copyCellForm->CopyToCell->value = ""
\a copyCellForm->CopyFromLibrary->value = ""
\a copyCellForm->CopyToLibrary->value = ""
\a copyCellForm->CopyFromLibrary->value = "KAL"
\a copyCellForm->CopyToLibrary->value = "KAL"
\a copyCellForm->CopyFromLibrary->value = "KALHALL_STD_LIB"
\a copyCellForm->CopyFromCell->value = "NAND2X1"
\a copyCellForm->CopyToLibrary->value = "KALHALL_STD_LIB"
\a copyCellForm->CopyToCell->value = "NAND2X1"
\a copyCellForm->ViewsToCopy->value = "abstract functional layout schematic symbol"
\a copyCellForm->SkipLibrariesEdit->value = ""
\a copyCellForm->SkipLibrariesEdit->value = "KAL KAL3 KALLHALL_STD_LIB2 PCELL_KAL3_DEV TEST_KAL3 TST_LVS US_8ths ahdlLib analogLib avTech basic cdsDefTechLib functional rfExamples rfLib rfTlineLib"
\a nrSetCurrentWindow(copyCellForm)
\a nrResizeWindow(copyCellForm list(2262 103 468 659))
\a copyCellForm->CopyToLibrary->value = "KALLHALL_STD_LIB2"
\a copyCellForm->OK->value = t
\o Beginning simple copy to library "KALLHALL_STD_LIB2".
\o Processing files to be copied...
\a nrSetCurrentWindow(workingDialogForm)
\a nrResizeWindow(workingDialogForm list(2360 396 273 133))
\a nrSetCurrentWindow(cdsLibManager)
\a nrSetCurrentWindow(workingDialogForm)
\a nrResizeWindow(copyCellForm list(2262 73 468 659))
\o Copy succeeded.
\a copyCellForm->SkipLibrariesEdit->value = "*"
\a nrSetCurrentWindow(cdsLibManager)
\a nrResizeWindow(workingDialogForm list(2360 366 273 133))
\a cdsLibManager->cellListBox->value = "NOR2X1"
\a cdsLibManager->cellLineEdit->value = "NOR2X1"
\a lmgrLogShowPopup("mainListPopup1" 66 77 2 "NOR2X1")
\a cdsLibManager->copySimpleButton->value = t
\a copyCellForm->SkipLibrariesEdit->value = "*"
\a copyCellForm->ViewsToCopy->value = ""
\a copyCellForm->CopyFromCell->value = ""
\a copyCellForm->CopyToCell->value = ""
\a copyCellForm->CopyFromLibrary->value = ""
\a copyCellForm->CopyToLibrary->value = ""
\a copyCellForm->CopyFromLibrary->value = "KAL"
\a copyCellForm->CopyToLibrary->value = "KAL"
\a copyCellForm->CopyFromLibrary->value = "KALHALL_STD_LIB"
\a copyCellForm->CopyFromCell->value = "NOR2X1"
\a copyCellForm->CopyToLibrary->value = "KALHALL_STD_LIB"
\a copyCellForm->CopyToCell->value = "NOR2X1"
\a copyCellForm->ViewsToCopy->value = "abstract functional layout schematic symbol"
\a copyCellForm->SkipLibrariesEdit->value = ""
\a copyCellForm->SkipLibrariesEdit->value = "KAL KAL3 KALLHALL_STD_LIB2 PCELL_KAL3_DEV TEST_KAL3 TST_LVS US_8ths ahdlLib analogLib avTech basic cdsDefTechLib functional rfExamples rfLib rfTlineLib"
\a nrSetCurrentWindow(copyCellForm)
\a nrResizeWindow(copyCellForm list(2262 103 468 659))
\a copyCellForm->CopyToLibrary->value = "KALLHALL_STD_LIB2"
\a copyCellForm->OK->value = t
\o Beginning simple copy to library "KALLHALL_STD_LIB2".
\o Processing files to be copied...
\a nrSetCurrentWindow(workingDialogForm)
\a nrSetCurrentWindow(cdsLibManager)
\a nrSetCurrentWindow(workingDialogForm)
\a nrResizeWindow(workingDialogForm list(2360 396 273 133))
\a nrResizeWindow(copyCellForm list(2262 73 468 659))
\o Copy succeeded.
\a copyCellForm->SkipLibrariesEdit->value = "*"
\a nrSetCurrentWindow(cdsLibManager)
\a nrResizeWindow(workingDialogForm list(2360 366 273 133))
\a cdsLibManager->libListBox->value = "KALLHALL_STD_LIB2"
\a cdsLibManager->libLineEdit->value = "KALLHALL_STD_LIB2"
\a cdsLibManager->cellLineEdit->value = ""
\a cdsLibManager->cellListBox->value = nil
\a cdsLibManager->cellListBox->value = "NOR2X1"
\a cdsLibManager->cellLineEdit->value = "NOR2X1"
\a lmgrLogShowPopup("mainListPopup1" 31 71 2 "NOR2X1")
\a cdsLibManager->editPropertiesButton->value = t
\o MPS request: edit property
\a nrSetCurrentWindow(cdsLibManager)
\a cdsLibManager->cellLineEdit->value = ""
\a cdsLibManager->cellListBox->value = nil
\a lmgrLogShowPopup("mainListPopup0" 74 58 2 "KALLHALL_STD_LIB2")
\a cdsLibManager->editPropertiesButton->value = t
\o MPS request: edit property
\a cdsLibManager->libListBox->value = nil
\a cdsLibManager->libLineEdit->value = ""
\a cdsLibManager->libListBox->value = "KALLHALL_STD_LIB2"
\a cdsLibManager->libLineEdit->value = "KALLHALL_STD_LIB2"
\a cdsLibManager->cellListBox->value = "BUFX2"
\a cdsLibManager->cellLineEdit->value = "BUFX2"
\a cdsLibManager->viewListBox->value = "layout"
\a cdsLibManager->viewLineEdit->value = "layout"
\a cdsLibManager->viewListBox->value = nil
\a cdsLibManager->viewLineEdit->value = ""
\a cdsLibManager->viewListBox->value = "layout"
\a cdsLibManager->viewLineEdit->value = "layout"
\o MPS request: edit design
\a nrListItemAction(cdsLibManager->gdmXTView 2 0)
\a cdsLibManager->libListBox->value = nil
\a cdsLibManager->libLineEdit->value = ""
\a cdsLibManager->cellListBox->value = nil
\a cdsLibManager->viewLineEdit->value = ""
\a cdsLibManager->viewListBox->value = nil
\a cdsLibManager->cellLineEdit->value = ""
\a cdsLibManager->libListBox->value = "KALLHALL_STD_LIB2"
\a cdsLibManager->libLineEdit->value = "KALLHALL_STD_LIB2"
\a cdsLibManager->cellListBox->value = "BUFX2"
\a cdsLibManager->cellLineEdit->value = "BUFX2"
\a cdsLibManager->viewListBox->value = "layout"
\a cdsLibManager->viewLineEdit->value = "layout"
\a cdsLibManager->viewLineEdit->value = ""
\a cdsLibManager->viewListBox->value = nil
\a cdsLibManager->viewListBox->value = "layout"
\a cdsLibManager->viewLineEdit->value = "layout"
\a nrSetCurrentWindow(cdsLibManager)
\a cdsLibManager->libListBox->value = nil
\a cdsLibManager->libLineEdit->value = ""
\a cdsLibManager->cellListBox->value = nil
\a cdsLibManager->viewLineEdit->value = ""
\a cdsLibManager->viewListBox->value = nil
\a cdsLibManager->cellLineEdit->value = ""
\a cdsLibManager->libListBox->value = "KALLHALL_STD_LIB2"
\a cdsLibManager->libLineEdit->value = "KALLHALL_STD_LIB2"
\a cdsLibManager->cellListBox->value = "BUFX2"
\a cdsLibManager->cellLineEdit->value = "BUFX2"
\a cdsLibManager->viewListBox->value = "layout"
\a cdsLibManager->viewLineEdit->value = "layout"
\a cdsLibManager->viewLineEdit->value = ""
\a cdsLibManager->viewListBox->value = nil
\a cdsLibManager->viewListBox->value = "layout"
\a cdsLibManager->viewLineEdit->value = "layout"
\a nrSetWindowVisibility(cdsLibManager "hide")
\a nrSetWindowVisibility(cdsLibManager "show")
\a nrSetCurrentWindow(cdsLibManager)
\a cdsLibManager->cellListBox->value = "DFFX1"
\a cdsLibManager->cellLineEdit->value = "DFFX1"
\a cdsLibManager->viewLineEdit->value = ""
\a cdsLibManager->viewListBox->value = nil
\a cdsLibManager->viewListBox->value = "layout"
\a cdsLibManager->viewLineEdit->value = "layout"
\a cdsLibManager->cellListBox->value = "INVX1"
\a cdsLibManager->cellLineEdit->value = "INVX1"
\a cdsLibManager->viewLineEdit->value = ""
\a cdsLibManager->viewListBox->value = nil
\a cdsLibManager->viewListBox->value = "layout"
\a cdsLibManager->viewLineEdit->value = "layout"
\a cdsLibManager->cellListBox->value = "NAND2X1"
\a cdsLibManager->cellLineEdit->value = "NAND2X1"
\a cdsLibManager->viewLineEdit->value = ""
\a cdsLibManager->viewListBox->value = nil
\a cdsLibManager->viewListBox->value = "layout"
\a cdsLibManager->viewLineEdit->value = "layout"
\a cdsLibManager->cellListBox->value = "NOR2X1"
\a cdsLibManager->cellLineEdit->value = "NOR2X1"
\a cdsLibManager->viewLineEdit->value = ""
\a cdsLibManager->viewListBox->value = nil
\a cdsLibManager->viewListBox->value = "layout"
\a cdsLibManager->viewLineEdit->value = "layout"
\a cdsLibManager->FileNewCVButton->value = t
\a nrSetCurrentWindow(cdsLibManager)
\a nrSetCurrentWindow(cdsLibManager)
\a nrSetCurrentWindow(cdsLibManager)
\a nrSetCurrentWindow(cdsLibManager)
\a nrSetCurrentWindow(cdsLibManager)
\a nrSetCurrentWindow(cdsLibManager)
\a nrSetCurrentWindow(cdsLibManager)
\a nrSetWindowVisibility(cdsLibManager "hide")
\a nrSetWindowVisibility(cdsLibManager "show")
\a nrSetWindowVisibility(cdsLibManager "hide")
\a nrSetWindowVisibility(cdsLibManager "show")
\a nrSetWindowVisibility(cdsLibManager "hide")
\a nrSetWindowVisibility(cdsLibManager "show")
\a nrSetWindowVisibility(cdsLibManager "hide")
\a nrSetWindowVisibility(cdsLibManager "show")
\a nrSetCurrentWindow(cdsLibManager)
\a cdsLibManager->cellListBox->value = "M2_M1_HV"
\a cdsLibManager->cellLineEdit->value = "M2_M1_HV"
\a cdsLibManager->viewLineEdit->value = ""
\a cdsLibManager->viewListBox->value = nil
\a cdsLibManager->viewListBox->value = "via"
\a cdsLibManager->viewLineEdit->value = "via"
\a cdsLibManager->viewLineEdit->value = ""
\a cdsLibManager->viewListBox->value = nil
\a lmgrLogShowPopup("mainListPopup1" 49 56 2 "M2_M1_HV")
\a cdsLibManager->copySimpleButton->value = t
\a copyCellForm->SkipLibrariesEdit->value = "*"
\a copyCellForm->ViewsToCopy->value = ""
\a copyCellForm->CopyFromCell->value = ""
\a copyCellForm->CopyToCell->value = ""
\a copyCellForm->CopyFromLibrary->value = ""
\a copyCellForm->CopyToLibrary->value = ""
\a copyCellForm->CopyFromLibrary->value = "KAL"
\a copyCellForm->CopyToLibrary->value = "KAL"
\a copyCellForm->CopyFromLibrary->value = "KALLHALL_STD_LIB2"
\a copyCellForm->CopyFromCell->value = "M2_M1_HV"
\a copyCellForm->CopyToLibrary->value = "KALLHALL_STD_LIB2"
\a copyCellForm->CopyToCell->value = "M2_M1_HV"
\a copyCellForm->ViewsToCopy->value = "via"
\a copyCellForm->SkipLibrariesEdit->value = ""
\a copyCellForm->SkipLibrariesEdit->value = "KAL KAL3 KALHALL_STD_LIB PCELL_KAL3_DEV TEST_KAL3 TST_LVS US_8ths ahdlLib analogLib avTech basic cdsDefTechLib functional rfExamples rfLib rfTlineLib"
\a nrSetCurrentWindow(copyCellForm)
\a nrResizeWindow(copyCellForm list(2262 103 468 659))
\a nrSetWindowVisibility(cdsLibManager "hide")
\a nrSetWindowVisibility(copyCellForm "show")
\a nrSetCurrentWindow(copyCellForm)
\a nrSetWindowVisibility(cdsLibManager "show")
\a nrSetWindowVisibility(cdsLibManager "hide")
\a nrSetWindowVisibility(copyCellForm "show")
\a nrSetCurrentWindow(copyCellForm)
\a nrSetWindowVisibility(cdsLibManager "show")
\a copyCellForm->CopyToCell->value = "M2_M1_VV"
\a copyCellForm->OK->value = t
\o Beginning simple copy to library "KALLHALL_STD_LIB2".
\o Processing files to be copied...
\a nrSetCurrentWindow(workingDialogForm)
\a nrResizeWindow(workingDialogForm list(2360 396 273 133))
\a nrSetCurrentWindow(cdsLibManager)
\a nrSetCurrentWindow(workingDialogForm)
\a nrResizeWindow(copyCellForm list(2262 73 468 659))
\o Copy succeeded.
\a cdsLibManager->libListBox->value = nil
\a cdsLibManager->libLineEdit->value = ""
\a cdsLibManager->cellListBox->value = nil
\a cdsLibManager->cellLineEdit->value = ""
\a cdsLibManager->libListBox->value = "KALLHALL_STD_LIB2"
\a cdsLibManager->libLineEdit->value = "KALLHALL_STD_LIB2"
\a cdsLibManager->cellListBox->value = "M2_M1_HV"
\a cdsLibManager->cellLineEdit->value = "M2_M1_HV"
\a cdsLibManager->viewListBox->value = "via"
\a cdsLibManager->viewLineEdit->value = "via"
\a cdsLibManager->viewLineEdit->value = ""
\a cdsLibManager->viewListBox->value = nil
\a cdsLibManager->viewListBox->value = "via"
\a cdsLibManager->viewLineEdit->value = "via"
\a cdsLibManager->viewLineEdit->value = ""
\a cdsLibManager->viewListBox->value = nil
\a copyCellForm->SkipLibrariesEdit->value = "*"
\a nrSetCurrentWindow(cdsLibManager)
\a nrResizeWindow(workingDialogForm list(2360 366 273 133))
\a lmgrLogShowPopup("mainListPopup1" 51 57 2 "M2_M1_HV")
\a cdsLibManager->copySimpleButton->value = t
\a copyCellForm->SkipLibrariesEdit->value = "*"
\a copyCellForm->ViewsToCopy->value = ""
\a copyCellForm->CopyFromCell->value = ""
\a copyCellForm->CopyToCell->value = ""
\a copyCellForm->CopyFromLibrary->value = ""
\a copyCellForm->CopyToLibrary->value = ""
\a copyCellForm->CopyFromLibrary->value = "KAL"
\a copyCellForm->CopyToLibrary->value = "KAL"
\a copyCellForm->CopyFromLibrary->value = "KALLHALL_STD_LIB2"
\a copyCellForm->CopyFromCell->value = "M2_M1_HV"
\a copyCellForm->CopyToLibrary->value = "KALLHALL_STD_LIB2"
\a copyCellForm->CopyToCell->value = "M2_M1_HV"
\a copyCellForm->ViewsToCopy->value = "via"
\a copyCellForm->SkipLibrariesEdit->value = ""
\a copyCellForm->SkipLibrariesEdit->value = "KAL KAL3 KALHALL_STD_LIB PCELL_KAL3_DEV TEST_KAL3 TST_LVS US_8ths ahdlLib analogLib avTech basic cdsDefTechLib functional rfExamples rfLib rfTlineLib"
\a nrSetCurrentWindow(copyCellForm)
\a nrResizeWindow(copyCellForm list(2262 103 468 659))
\a copyCellForm->CopyToCell->value = "M2_M1_VH"
\a copyCellForm->OK->value = t
\o Beginning simple copy to library "KALLHALL_STD_LIB2".
\o Processing files to be copied...
\a nrSetCurrentWindow(workingDialogForm)
\a nrResizeWindow(workingDialogForm list(2360 396 273 133))
\a nrSetCurrentWindow(cdsLibManager)
\a nrSetCurrentWindow(workingDialogForm)
\a nrResizeWindow(copyCellForm list(2262 73 468 659))
\o Copy succeeded.
\a cdsLibManager->libListBox->value = nil
\a cdsLibManager->libLineEdit->value = ""
\a cdsLibManager->cellListBox->value = nil
\a cdsLibManager->cellLineEdit->value = ""
\a cdsLibManager->libListBox->value = "KALLHALL_STD_LIB2"
\a cdsLibManager->libLineEdit->value = "KALLHALL_STD_LIB2"
\a cdsLibManager->cellListBox->value = "M2_M1_HV"
\a cdsLibManager->cellLineEdit->value = "M2_M1_HV"
\a cdsLibManager->viewListBox->value = "via"
\a cdsLibManager->viewLineEdit->value = "via"
\a cdsLibManager->viewLineEdit->value = ""
\a cdsLibManager->viewListBox->value = nil
\a cdsLibManager->viewListBox->value = "via"
\a cdsLibManager->viewLineEdit->value = "via"
\a cdsLibManager->viewLineEdit->value = ""
\a cdsLibManager->viewListBox->value = nil
\a copyCellForm->SkipLibrariesEdit->value = "*"
\a nrSetCurrentWindow(cdsLibManager)
\a nrResizeWindow(workingDialogForm list(2360 366 273 133))
\a cdsLibManager->cellListBox->value = "M2_M1_VV"
\a cdsLibManager->cellLineEdit->value = "M2_M1_VV"
\a cdsLibManager->viewListBox->value = "via"
\a cdsLibManager->viewLineEdit->value = "via"
\a cdsLibManager->cellListBox->value = "M2_M1_VH"
\a cdsLibManager->cellLineEdit->value = "M2_M1_VH"
\a cdsLibManager->viewLineEdit->value = ""
\a cdsLibManager->viewListBox->value = nil
\a cdsLibManager->viewListBox->value = "via"
\a cdsLibManager->viewLineEdit->value = "via"
\a cdsLibManager->cellListBox->value = "M2_M1_HV"
\a cdsLibManager->cellLineEdit->value = "M2_M1_HV"
\a cdsLibManager->viewLineEdit->value = ""
\a cdsLibManager->viewListBox->value = nil
\a cdsLibManager->viewListBox->value = "via"
\a cdsLibManager->viewLineEdit->value = "via"
\a cdsLibManager->cellListBox->value = "M2_M1_VV"
\a cdsLibManager->cellLineEdit->value = "M2_M1_VV"
\a cdsLibManager->viewLineEdit->value = ""
\a cdsLibManager->viewListBox->value = nil
\a cdsLibManager->viewListBox->value = "via"
\a cdsLibManager->viewLineEdit->value = "via"
\a cdsLibManager->viewLineEdit->value = ""
\a cdsLibManager->viewListBox->value = nil
\a lmgrLogShowPopup("mainListPopup1" 43 91 2 "M2_M1_VV")
\a cdsLibManager->copySimpleButton->value = t
\a copyCellForm->SkipLibrariesEdit->value = "*"
\a copyCellForm->ViewsToCopy->value = ""
\a copyCellForm->CopyFromCell->value = ""
\a copyCellForm->CopyToCell->value = ""
\a copyCellForm->CopyFromLibrary->value = ""
\a copyCellForm->CopyToLibrary->value = ""
\a copyCellForm->CopyFromLibrary->value = "KAL"
\a copyCellForm->CopyToLibrary->value = "KAL"
\a copyCellForm->CopyFromLibrary->value = "KALLHALL_STD_LIB2"
\a copyCellForm->CopyFromCell->value = "M2_M1_VV"
\a copyCellForm->CopyToLibrary->value = "KALLHALL_STD_LIB2"
\a copyCellForm->CopyToCell->value = "M2_M1_VV"
\a copyCellForm->ViewsToCopy->value = "via"
\a copyCellForm->SkipLibrariesEdit->value = ""
\a copyCellForm->SkipLibrariesEdit->value = "KAL KAL3 KALHALL_STD_LIB PCELL_KAL3_DEV TEST_KAL3 TST_LVS US_8ths ahdlLib analogLib avTech basic cdsDefTechLib functional rfExamples rfLib rfTlineLib"
\a nrSetCurrentWindow(copyCellForm)
\a nrResizeWindow(copyCellForm list(2262 103 468 659))
\a copyCellForm->CopyToCell->value = "M2_M1_HH"
\a nrDialogAccept(copyCellForm)
\a copyCellForm->OK->value = t
\o Beginning simple copy to library "KALLHALL_STD_LIB2".
\o Processing files to be copied...
\a nrSetCurrentWindow(workingDialogForm)
\a nrResizeWindow(workingDialogForm list(2360 396 273 133))
\a nrSetCurrentWindow(cdsLibManager)
\a nrSetCurrentWindow(workingDialogForm)
\a nrResizeWindow(copyCellForm list(2262 73 468 659))
\o Copy succeeded.
\a cdsLibManager->libListBox->value = nil
\a cdsLibManager->libLineEdit->value = ""
\a cdsLibManager->cellListBox->value = nil
\a cdsLibManager->cellLineEdit->value = ""
\a cdsLibManager->libListBox->value = "KALLHALL_STD_LIB2"
\a cdsLibManager->libLineEdit->value = "KALLHALL_STD_LIB2"
\a cdsLibManager->cellListBox->value = "M2_M1_VV"
\a cdsLibManager->cellLineEdit->value = "M2_M1_VV"
\a cdsLibManager->viewListBox->value = "via"
\a cdsLibManager->viewLineEdit->value = "via"
\a cdsLibManager->viewLineEdit->value = ""
\a cdsLibManager->viewListBox->value = nil
\a cdsLibManager->viewListBox->value = "via"
\a cdsLibManager->viewLineEdit->value = "via"
\a cdsLibManager->viewLineEdit->value = ""
\a cdsLibManager->viewListBox->value = nil
\a copyCellForm->SkipLibrariesEdit->value = "*"
\a nrSetCurrentWindow(cdsLibManager)
\a nrResizeWindow(workingDialogForm list(2360 366 273 133))
\a nrSetWindowVisibility(cdsLibManager "hide")
\a nrSetWindowVisibility(cdsLibManager "show")
\a nrSetCurrentWindow(cdsLibManager)
\a cdsLibManager->FileNewCVButton->value = t
\a nrSetCurrentWindow(cdsLibManager)
\a nrSetCurrentWindow(cdsLibManager)
\a nrSetCurrentWindow(cdsLibManager)
\a nrSetCurrentWindow(cdsLibManager)
\a nrSetCurrentWindow(cdsLibManager)
\a nrSetCurrentWindow(cdsLibManager)
\a nrSetCurrentWindow(cdsLibManager)
\a cdsLibManager->cellListBox->value = "M3_M2_VH"
\a cdsLibManager->cellLineEdit->value = "M3_M2_VH"
\a cdsLibManager->viewListBox->value = "via"
\a cdsLibManager->viewLineEdit->value = "via"
\a cdsLibManager->viewLineEdit->value = ""
\a cdsLibManager->viewListBox->value = nil
\a lmgrLogShowPopup("mainListPopup1" 20 125 2 "M3_M2_VH")
\a cdsLibManager->copySimpleButton->value = t
\a copyCellForm->SkipLibrariesEdit->value = "*"
\a copyCellForm->ViewsToCopy->value = ""
\a copyCellForm->CopyFromCell->value = ""
\a copyCellForm->CopyToCell->value = ""
\a copyCellForm->CopyFromLibrary->value = ""
\a copyCellForm->CopyToLibrary->value = ""
\a copyCellForm->CopyFromLibrary->value = "KAL"
\a copyCellForm->CopyToLibrary->value = "KAL"
\a copyCellForm->CopyFromLibrary->value = "KALLHALL_STD_LIB2"
\a copyCellForm->CopyFromCell->value = "M3_M2_VH"
\a copyCellForm->CopyToLibrary->value = "KALLHALL_STD_LIB2"
\a copyCellForm->CopyToCell->value = "M3_M2_VH"
\a copyCellForm->ViewsToCopy->value = "via"
\a copyCellForm->SkipLibrariesEdit->value = ""
\a copyCellForm->SkipLibrariesEdit->value = "KAL KAL3 KALHALL_STD_LIB PCELL_KAL3_DEV TEST_KAL3 TST_LVS US_8ths ahdlLib analogLib avTech basic cdsDefTechLib functional rfExamples rfLib rfTlineLib"
\a nrSetCurrentWindow(copyCellForm)
\a nrResizeWindow(copyCellForm list(2262 103 468 659))
\a copyCellForm->CopyToCell->value = "M3_M2_HH"
\a copyCellForm->OK->value = t
\o Beginning simple copy to library "KALLHALL_STD_LIB2".
\o Processing files to be copied...
\a nrSetCurrentWindow(workingDialogForm)
\a nrResizeWindow(workingDialogForm list(2360 396 273 133))
\a nrSetCurrentWindow(cdsLibManager)
\a nrSetCurrentWindow(workingDialogForm)
\a nrResizeWindow(copyCellForm list(2262 73 468 659))
\o Copy succeeded.
\a cdsLibManager->libListBox->value = nil
\a cdsLibManager->libLineEdit->value = ""
\a cdsLibManager->cellListBox->value = nil
\a cdsLibManager->cellLineEdit->value = ""
\a cdsLibManager->libListBox->value = "KALLHALL_STD_LIB2"
\a cdsLibManager->libLineEdit->value = "KALLHALL_STD_LIB2"
\a cdsLibManager->cellListBox->value = "M3_M2_VH"
\a cdsLibManager->cellLineEdit->value = "M3_M2_VH"
\a cdsLibManager->viewListBox->value = "via"
\a cdsLibManager->viewLineEdit->value = "via"
\a cdsLibManager->viewLineEdit->value = ""
\a cdsLibManager->viewListBox->value = nil
\a cdsLibManager->viewListBox->value = "via"
\a cdsLibManager->viewLineEdit->value = "via"
\a cdsLibManager->viewLineEdit->value = ""
\a cdsLibManager->viewListBox->value = nil
\a copyCellForm->SkipLibrariesEdit->value = "*"
\a nrSetCurrentWindow(cdsLibManager)
\a nrResizeWindow(workingDialogForm list(2360 366 273 133))
\a lmgrLogShowPopup("mainListPopup1" 54 145 2 "M3_M2_VH")
\a cdsLibManager->copySimpleButton->value = t
\a copyCellForm->SkipLibrariesEdit->value = "*"
\a copyCellForm->ViewsToCopy->value = ""
\a copyCellForm->CopyFromCell->value = ""
\a copyCellForm->CopyToCell->value = ""
\a copyCellForm->CopyFromLibrary->value = ""
\a copyCellForm->CopyToLibrary->value = ""
\a copyCellForm->CopyFromLibrary->value = "KAL"
\a copyCellForm->CopyToLibrary->value = "KAL"
\a copyCellForm->CopyFromLibrary->value = "KALLHALL_STD_LIB2"
\a copyCellForm->CopyFromCell->value = "M3_M2_VH"
\a copyCellForm->CopyToLibrary->value = "KALLHALL_STD_LIB2"
\a copyCellForm->CopyToCell->value = "M3_M2_VH"
\a copyCellForm->ViewsToCopy->value = "via"
\a copyCellForm->SkipLibrariesEdit->value = ""
\a copyCellForm->SkipLibrariesEdit->value = "KAL KAL3 KALHALL_STD_LIB PCELL_KAL3_DEV TEST_KAL3 TST_LVS US_8ths ahdlLib analogLib avTech basic cdsDefTechLib functional rfExamples rfLib rfTlineLib"
\a nrSetCurrentWindow(copyCellForm)
\a nrResizeWindow(copyCellForm list(2262 103 468 659))
\a copyCellForm->CopyToCell->value = "M3_M2_HV"
\a copyCellForm->OK->value = t
\o Beginning simple copy to library "KALLHALL_STD_LIB2".
\o Processing files to be copied...
\a nrSetCurrentWindow(workingDialogForm)
\a nrResizeWindow(workingDialogForm list(2360 396 273 133))
\a nrSetCurrentWindow(cdsLibManager)
\a nrSetCurrentWindow(workingDialogForm)
\a nrResizeWindow(copyCellForm list(2262 73 468 659))
\o Copy succeeded.
\a cdsLibManager->libListBox->value = nil
\a cdsLibManager->libLineEdit->value = ""
\a cdsLibManager->cellListBox->value = nil
\a cdsLibManager->cellLineEdit->value = ""
\a cdsLibManager->libListBox->value = "KALLHALL_STD_LIB2"
\a cdsLibManager->libLineEdit->value = "KALLHALL_STD_LIB2"
\a cdsLibManager->cellListBox->value = "M3_M2_VH"
\a cdsLibManager->cellLineEdit->value = "M3_M2_VH"
\a cdsLibManager->viewListBox->value = "via"
\a cdsLibManager->viewLineEdit->value = "via"
\a cdsLibManager->viewLineEdit->value = ""
\a cdsLibManager->viewListBox->value = nil
\a cdsLibManager->viewListBox->value = "via"
\a cdsLibManager->viewLineEdit->value = "via"
\a cdsLibManager->viewLineEdit->value = ""
\a cdsLibManager->viewListBox->value = nil
\a copyCellForm->SkipLibrariesEdit->value = "*"
\a nrSetCurrentWindow(cdsLibManager)
\a nrResizeWindow(workingDialogForm list(2360 366 273 133))
\a cdsLibManager->cellListBox->value = "M3_M2_HH"
\a cdsLibManager->cellLineEdit->value = "M3_M2_HH"
\a cdsLibManager->viewListBox->value = "via"
\a cdsLibManager->viewLineEdit->value = "via"
\a cdsLibManager->cellListBox->value = "M3_M2_HV"
\a cdsLibManager->cellLineEdit->value = "M3_M2_HV"
\a cdsLibManager->viewLineEdit->value = ""
\a cdsLibManager->viewListBox->value = nil
\a cdsLibManager->viewListBox->value = "via"
\a cdsLibManager->viewLineEdit->value = "via"
\a cdsLibManager->cellListBox->value = "M3_M2_VH"
\a cdsLibManager->cellLineEdit->value = "M3_M2_VH"
\a cdsLibManager->viewLineEdit->value = ""
\a cdsLibManager->viewListBox->value = nil
\a cdsLibManager->viewListBox->value = "via"
\a cdsLibManager->viewLineEdit->value = "via"
\a cdsLibManager->viewLineEdit->value = ""
\a cdsLibManager->viewListBox->value = nil
\a lmgrLogShowPopup("mainListPopup1" 62 159 2 "M3_M2_VH")
\a cdsLibManager->copySimpleButton->value = t
\a copyCellForm->SkipLibrariesEdit->value = "*"
\a copyCellForm->ViewsToCopy->value = ""
\a copyCellForm->CopyFromCell->value = ""
\a copyCellForm->CopyToCell->value = ""
\a copyCellForm->CopyFromLibrary->value = ""
\a copyCellForm->CopyToLibrary->value = ""
\a copyCellForm->CopyFromLibrary->value = "KAL"
\a copyCellForm->CopyToLibrary->value = "KAL"
\a copyCellForm->CopyFromLibrary->value = "KALLHALL_STD_LIB2"
\a copyCellForm->CopyFromCell->value = "M3_M2_VH"
\a copyCellForm->CopyToLibrary->value = "KALLHALL_STD_LIB2"
\a copyCellForm->CopyToCell->value = "M3_M2_VH"
\a copyCellForm->ViewsToCopy->value = "via"
\a copyCellForm->SkipLibrariesEdit->value = ""
\a copyCellForm->SkipLibrariesEdit->value = "KAL KAL3 KALHALL_STD_LIB PCELL_KAL3_DEV TEST_KAL3 TST_LVS US_8ths ahdlLib analogLib avTech basic cdsDefTechLib functional rfExamples rfLib rfTlineLib"
\a nrSetCurrentWindow(copyCellForm)
\a nrResizeWindow(copyCellForm list(2262 103 468 659))
\a copyCellForm->CopyToCell->value = "M3_M2_VV"
\a copyCellForm->OK->value = t
\o Beginning simple copy to library "KALLHALL_STD_LIB2".
\o Processing files to be copied...
\a nrSetCurrentWindow(workingDialogForm)
\a nrSetCurrentWindow(cdsLibManager)
\a nrSetCurrentWindow(workingDialogForm)
\a nrResizeWindow(workingDialogForm list(2360 396 273 133))
\a nrResizeWindow(copyCellForm list(2262 73 468 659))
\o Copy succeeded.
\a cdsLibManager->libListBox->value = nil
\a cdsLibManager->libLineEdit->value = ""
\a cdsLibManager->cellListBox->value = nil
\a cdsLibManager->cellLineEdit->value = ""
\a cdsLibManager->libListBox->value = "KALLHALL_STD_LIB2"
\a cdsLibManager->libLineEdit->value = "KALLHALL_STD_LIB2"
\a cdsLibManager->cellListBox->value = "M3_M2_VH"
\a cdsLibManager->cellLineEdit->value = "M3_M2_VH"
\a cdsLibManager->viewListBox->value = "via"
\a cdsLibManager->viewLineEdit->value = "via"
\a cdsLibManager->viewLineEdit->value = ""
\a cdsLibManager->viewListBox->value = nil
\a cdsLibManager->viewListBox->value = "via"
\a cdsLibManager->viewLineEdit->value = "via"
\a cdsLibManager->viewLineEdit->value = ""
\a cdsLibManager->viewListBox->value = nil
\a copyCellForm->SkipLibrariesEdit->value = "*"
\a nrSetCurrentWindow(cdsLibManager)
\a nrResizeWindow(workingDialogForm list(2360 366 273 133))
\a cdsLibManager->cellListBox->value = "M3_M2_HH"
\a cdsLibManager->cellLineEdit->value = "M3_M2_HH"
\a cdsLibManager->viewListBox->value = "via"
\a cdsLibManager->viewLineEdit->value = "via"
\a cdsLibManager->cellListBox->value = "M2_M1_HH"
\a cdsLibManager->cellLineEdit->value = "M2_M1_HH"
\a cdsLibManager->viewLineEdit->value = ""
\a cdsLibManager->viewListBox->value = nil
\a cdsLibManager->viewListBox->value = "via"
\a cdsLibManager->viewLineEdit->value = "via"
\a cdsLibManager->cellListBox->value = "M2_M1_HV"
\a cdsLibManager->cellLineEdit->value = "M2_M1_HV"
\a cdsLibManager->viewLineEdit->value = ""
\a cdsLibManager->viewListBox->value = nil
\a cdsLibManager->viewListBox->value = "via"
\a cdsLibManager->viewLineEdit->value = "via"
\a cdsLibManager->cellListBox->value = "M2_M1_VH"
\a cdsLibManager->cellLineEdit->value = "M2_M1_VH"
\a cdsLibManager->viewLineEdit->value = ""
\a cdsLibManager->viewListBox->value = nil
\a cdsLibManager->viewListBox->value = "via"
\a cdsLibManager->viewLineEdit->value = "via"
\a cdsLibManager->cellListBox->value = "M2_M1_VV"
\a cdsLibManager->cellLineEdit->value = "M2_M1_VV"
\a cdsLibManager->viewLineEdit->value = ""
\a cdsLibManager->viewListBox->value = nil
\a cdsLibManager->viewListBox->value = "via"
\a cdsLibManager->viewLineEdit->value = "via"
\a cdsLibManager->cellListBox->value = "M3_M2_HH"
\a cdsLibManager->cellLineEdit->value = "M3_M2_HH"
\a cdsLibManager->viewLineEdit->value = ""
\a cdsLibManager->viewListBox->value = nil
\a cdsLibManager->viewListBox->value = "via"
\a cdsLibManager->viewLineEdit->value = "via"
\a cdsLibManager->cellListBox->value = "M3_M2_HV"
\a cdsLibManager->cellLineEdit->value = "M3_M2_HV"
\a cdsLibManager->viewLineEdit->value = ""
\a cdsLibManager->viewListBox->value = nil
\a cdsLibManager->viewListBox->value = "via"
\a cdsLibManager->viewLineEdit->value = "via"
\a cdsLibManager->cellListBox->value = "M3_M2_VH"
\a cdsLibManager->cellLineEdit->value = "M3_M2_VH"
\a cdsLibManager->viewLineEdit->value = ""
\a cdsLibManager->viewListBox->value = nil
\a cdsLibManager->viewListBox->value = "via"
\a cdsLibManager->viewLineEdit->value = "via"
\a cdsLibManager->cellListBox->value = "M3_M2_VV"
\a cdsLibManager->cellLineEdit->value = "M3_M2_VV"
\a cdsLibManager->viewLineEdit->value = ""
\a cdsLibManager->viewListBox->value = nil
\a cdsLibManager->viewListBox->value = "via"
\a cdsLibManager->viewLineEdit->value = "via"
\a nrResizeWindow(cdsLibManager list(2673 141 751 768))
\a nrSetCurrentWindow(cdsLibManager)
\a nrSetWindowVisibility(cdsLibManager "hide")
\a nrSetWindowVisibility(cdsLibManager "show")
\a nrSetCurrentWindow(cdsLibManager)
\a nrSetWindowVisibility(cdsLibManager "hide")
\a nrSetWindowVisibility(cdsLibManager "show")
\a nrSetCurrentWindow(cdsLibManager)
\a nrSetWindowVisibility(cdsLibManager "hide")
\a nrSetWindowVisibility(cdsLibManager "show")
\a nrSetCurrentWindow(cdsLibManager)
\a cdsLibManager->cellListBox->value = "M3_M2_HH"
\a cdsLibManager->cellLineEdit->value = "M3_M2_HH"
\a cdsLibManager->viewLineEdit->value = ""
\a cdsLibManager->viewListBox->value = nil
\a cdsLibManager->viewListBox->value = "via"
\a cdsLibManager->viewLineEdit->value = "via"
\a cdsLibManager->cellListBox->value = "M3_M2_HV"
\a cdsLibManager->cellLineEdit->value = "M3_M2_HV"
\a cdsLibManager->viewLineEdit->value = ""
\a cdsLibManager->viewListBox->value = nil
\a cdsLibManager->viewListBox->value = "via"
\a cdsLibManager->viewLineEdit->value = "via"
\a cdsLibManager->cellListBox->value = "M3_M2_VH"
\a cdsLibManager->cellLineEdit->value = "M3_M2_VH"
\a cdsLibManager->viewLineEdit->value = ""
\a cdsLibManager->viewListBox->value = nil
\a cdsLibManager->viewListBox->value = "via"
\a cdsLibManager->viewLineEdit->value = "via"
\a cdsLibManager->cellListBox->value = "M3_M2_VV"
\a cdsLibManager->cellLineEdit->value = "M3_M2_VV"
\a cdsLibManager->viewLineEdit->value = ""
\a cdsLibManager->viewListBox->value = nil
\a cdsLibManager->viewListBox->value = "via"
\a cdsLibManager->viewLineEdit->value = "via"
\a cdsLibManager->FileNewCVButton->value = t
\a nrSetCurrentWindow(cdsLibManager)
\a nrSetCurrentWindow(cdsLibManager)
\a nrSetCurrentWindow(cdsLibManager)
\a nrSetCurrentWindow(cdsLibManager)
\a nrSetCurrentWindow(cdsLibManager)
\a nrSetCurrentWindow(cdsLibManager)
\a nrSetCurrentWindow(cdsLibManager)
\a cdsLibManager->cellListBox->value = "M4_M3_HV"
\a cdsLibManager->cellLineEdit->value = "M4_M3_HV"
\a cdsLibManager->viewLineEdit->value = ""
\a cdsLibManager->viewListBox->value = nil
\a cdsLibManager->viewListBox->value = "via"
\a cdsLibManager->viewLineEdit->value = "via"
\a cdsLibManager->viewLineEdit->value = ""
\a cdsLibManager->viewListBox->value = nil
\a lmgrLogShowPopup("mainListPopup1" 47 199 2 "M4_M3_HV")
\a cdsLibManager->copySimpleButton->value = t
\a copyCellForm->SkipLibrariesEdit->value = "*"
\a copyCellForm->ViewsToCopy->value = ""
\a copyCellForm->CopyFromCell->value = ""
\a copyCellForm->CopyToCell->value = ""
\a copyCellForm->CopyFromLibrary->value = ""
\a copyCellForm->CopyToLibrary->value = ""
\a copyCellForm->CopyFromLibrary->value = "KAL"
\a copyCellForm->CopyToLibrary->value = "KAL"
\a copyCellForm->CopyFromLibrary->value = "KALLHALL_STD_LIB2"
\a copyCellForm->CopyFromCell->value = "M4_M3_HV"
\a copyCellForm->CopyToLibrary->value = "KALLHALL_STD_LIB2"
\a copyCellForm->CopyToCell->value = "M4_M3_HV"
\a copyCellForm->ViewsToCopy->value = "via"
\a copyCellForm->SkipLibrariesEdit->value = ""
\a copyCellForm->SkipLibrariesEdit->value = "KAL KAL3 KALHALL_STD_LIB PCELL_KAL3_DEV TEST_KAL3 TST_LVS US_8ths ahdlLib analogLib avTech basic cdsDefTechLib functional rfExamples rfLib rfTlineLib"
\a nrSetCurrentWindow(copyCellForm)
\a nrResizeWindow(copyCellForm list(2262 103 468 659))
\a copyCellForm->CopyToCell->value = "M4_M3_VV"
\a copyCellForm->OK->value = t
\o Beginning simple copy to library "KALLHALL_STD_LIB2".
\o Processing files to be copied...
\a nrSetCurrentWindow(workingDialogForm)
\a nrResizeWindow(workingDialogForm list(2902 449 273 133))
\a nrSetCurrentWindow(cdsLibManager)
\a nrSetCurrentWindow(workingDialogForm)
\a nrResizeWindow(copyCellForm list(2262 73 468 659))
\o Copy succeeded.
\a cdsLibManager->libListBox->value = nil
\a cdsLibManager->libLineEdit->value = ""
\a cdsLibManager->cellListBox->value = nil
\a cdsLibManager->cellLineEdit->value = ""
\a cdsLibManager->libListBox->value = "KALLHALL_STD_LIB2"
\a cdsLibManager->libLineEdit->value = "KALLHALL_STD_LIB2"
\a cdsLibManager->cellListBox->value = "M4_M3_HV"
\a cdsLibManager->cellLineEdit->value = "M4_M3_HV"
\a cdsLibManager->viewListBox->value = "via"
\a cdsLibManager->viewLineEdit->value = "via"
\a cdsLibManager->viewLineEdit->value = ""
\a cdsLibManager->viewListBox->value = nil
\a cdsLibManager->viewListBox->value = "via"
\a cdsLibManager->viewLineEdit->value = "via"
\a cdsLibManager->viewLineEdit->value = ""
\a cdsLibManager->viewListBox->value = nil
\a copyCellForm->SkipLibrariesEdit->value = "*"
\a nrSetCurrentWindow(cdsLibManager)
\a nrResizeWindow(workingDialogForm list(2902 419 273 133))
\a lmgrLogShowPopup("mainListPopup1" 50 193 2 "M4_M3_HV")
\a cdsLibManager->copySimpleButton->value = t
\a copyCellForm->SkipLibrariesEdit->value = "*"
\a copyCellForm->ViewsToCopy->value = ""
\a copyCellForm->CopyFromCell->value = ""
\a copyCellForm->CopyToCell->value = ""
\a copyCellForm->CopyFromLibrary->value = ""
\a copyCellForm->CopyToLibrary->value = ""
\a copyCellForm->CopyFromLibrary->value = "KAL"
\a copyCellForm->CopyToLibrary->value = "KAL"
\a copyCellForm->CopyFromLibrary->value = "KALLHALL_STD_LIB2"
\a copyCellForm->CopyFromCell->value = "M4_M3_HV"
\a copyCellForm->CopyToLibrary->value = "KALLHALL_STD_LIB2"
\a copyCellForm->CopyToCell->value = "M4_M3_HV"
\a copyCellForm->ViewsToCopy->value = "via"
\a copyCellForm->SkipLibrariesEdit->value = ""
\a copyCellForm->SkipLibrariesEdit->value = "KAL KAL3 KALHALL_STD_LIB PCELL_KAL3_DEV TEST_KAL3 TST_LVS US_8ths ahdlLib analogLib avTech basic cdsDefTechLib functional rfExamples rfLib rfTlineLib"
\a nrSetCurrentWindow(copyCellForm)
\a nrResizeWindow(copyCellForm list(2262 103 468 659))
\a copyCellForm->CopyToCell->value = "M4_M3_VH"
\a nrDialogAccept(copyCellForm)
\a copyCellForm->OK->value = t
\o Beginning simple copy to library "KALLHALL_STD_LIB2".
\o Processing files to be copied...
\a nrSetCurrentWindow(workingDialogForm)
\a nrResizeWindow(workingDialogForm list(2902 449 273 133))
\a nrSetCurrentWindow(cdsLibManager)
\a nrSetCurrentWindow(workingDialogForm)
\a nrResizeWindow(copyCellForm list(2262 73 468 659))
\o Copy succeeded.
\a cdsLibManager->libListBox->value = nil
\a cdsLibManager->libLineEdit->value = ""
\a cdsLibManager->cellListBox->value = nil
\a cdsLibManager->cellLineEdit->value = ""
\a cdsLibManager->libListBox->value = "KALLHALL_STD_LIB2"
\a cdsLibManager->libLineEdit->value = "KALLHALL_STD_LIB2"
\a cdsLibManager->cellListBox->value = "M4_M3_HV"
\a cdsLibManager->cellLineEdit->value = "M4_M3_HV"
\a cdsLibManager->viewListBox->value = "via"
\a cdsLibManager->viewLineEdit->value = "via"
\a cdsLibManager->viewLineEdit->value = ""
\a cdsLibManager->viewListBox->value = nil
\a cdsLibManager->viewListBox->value = "via"
\a cdsLibManager->viewLineEdit->value = "via"
\a cdsLibManager->viewLineEdit->value = ""
\a cdsLibManager->viewListBox->value = nil
\a copyCellForm->SkipLibrariesEdit->value = "*"
\a nrSetCurrentWindow(cdsLibManager)
\a nrResizeWindow(workingDialogForm list(2902 419 273 133))
\a lmgrLogShowPopup("mainListPopup1" 59 192 2 "M4_M3_HV")
\a cdsLibManager->copySimpleButton->value = t
\a copyCellForm->SkipLibrariesEdit->value = "*"
\a copyCellForm->ViewsToCopy->value = ""
\a copyCellForm->CopyFromCell->value = ""
\a copyCellForm->CopyToCell->value = ""
\a copyCellForm->CopyFromLibrary->value = ""
\a copyCellForm->CopyToLibrary->value = ""
\a copyCellForm->CopyFromLibrary->value = "KAL"
\a copyCellForm->CopyToLibrary->value = "KAL"
\a copyCellForm->CopyFromLibrary->value = "KALLHALL_STD_LIB2"
\a copyCellForm->CopyFromCell->value = "M4_M3_HV"
\a copyCellForm->CopyToLibrary->value = "KALLHALL_STD_LIB2"
\a copyCellForm->CopyToCell->value = "M4_M3_HV"
\a copyCellForm->ViewsToCopy->value = "via"
\a copyCellForm->SkipLibrariesEdit->value = ""
\a copyCellForm->SkipLibrariesEdit->value = "KAL KAL3 KALHALL_STD_LIB PCELL_KAL3_DEV TEST_KAL3 TST_LVS US_8ths ahdlLib analogLib avTech basic cdsDefTechLib functional rfExamples rfLib rfTlineLib"
\a nrSetCurrentWindow(copyCellForm)
\a nrResizeWindow(copyCellForm list(2262 103 468 659))
\a copyCellForm->CopyToCell->value = "M4_M3_VV"
\a nrDialogAccept(copyCellForm)
\a copyCellForm->OK->value = t
\o Beginning simple copy to library "KALLHALL_STD_LIB2".
\o Processing files to be copied...
\a nrSetCurrentWindow(workingDialogForm)
\o ERROR (CLM-173): One or more of the following problems have occurred:\n      1. The source file does not exist.\n      2. A destination file will be overwritten.\n      3. A destination file is checked out.\n      4. A destination file is opened for edit.\n      5. A destination file conflicts with another.\n      6. A source library file is not valid in a different library.\n      7. A source OpenAccess cellview master file has zero size.
\a nrSetWindowVisibility(copyProblemsDialog "show")
\a nrResizeWindow(workingDialogForm list(2910 449 273 133))
\a nrResizeWindow(copyProblemsDialog list(2074 172 825 441))
\a nrSetCurrentWindow(copyProblemsDialog)
\a nrResizeWindow(workingDialogForm list(2910 419 273 133))
\a nrResizeWindow(copyProblemsDialog list(2084 212 825 441))
\a copyProblemsDialog->Cancel->value = t
\a copyCellForm->SkipLibrariesEdit->value = "*"
\a nrSetCurrentWindow(copyCellForm)
\a nrResizeWindow(copyProblemsDialog list(2084 182 825 441))
\a copyCellForm->Cancel->value = t
\a nrSetCurrentWindow(cdsLibManager)
\a nrResizeWindow(copyCellForm list(2262 73 468 659))
\a lmgrLogShowPopup("mainListPopup1" 27 198 2 "M4_M3_HV")
\a cdsLibManager->copySimpleButton->value = t
\a copyCellForm->SkipLibrariesEdit->value = "*"
\a copyCellForm->ViewsToCopy->value = ""
\a copyCellForm->CopyFromCell->value = ""
\a copyCellForm->CopyToCell->value = ""
\a copyCellForm->CopyFromLibrary->value = ""
\a copyCellForm->CopyToLibrary->value = ""
\a copyCellForm->CopyFromLibrary->value = "KAL"
\a copyCellForm->CopyToLibrary->value = "KAL"
\a copyCellForm->CopyFromLibrary->value = "KALLHALL_STD_LIB2"
\a copyCellForm->CopyFromCell->value = "M4_M3_HV"
\a copyCellForm->CopyToLibrary->value = "KALLHALL_STD_LIB2"
\a copyCellForm->CopyToCell->value = "M4_M3_HV"
\a copyCellForm->ViewsToCopy->value = "via"
\a copyCellForm->SkipLibrariesEdit->value = ""
\a copyCellForm->SkipLibrariesEdit->value = "KAL KAL3 KALHALL_STD_LIB PCELL_KAL3_DEV TEST_KAL3 TST_LVS US_8ths ahdlLib analogLib avTech basic cdsDefTechLib functional rfExamples rfLib rfTlineLib"
\a nrSetCurrentWindow(copyCellForm)
\a nrResizeWindow(copyCellForm list(2262 103 468 659))
\a copyCellForm->CopyToCell->value = "M4_M3_HH"
\a nrDialogAccept(copyCellForm)
\a copyCellForm->OK->value = t
\o Beginning simple copy to library "KALLHALL_STD_LIB2".
\o Processing files to be copied...
\a nrSetCurrentWindow(workingDialogForm)
\a nrResizeWindow(workingDialogForm list(2902 449 273 133))
\a nrSetCurrentWindow(cdsLibManager)
\a nrSetCurrentWindow(workingDialogForm)
\a nrResizeWindow(copyCellForm list(2262 73 468 659))
\a nrResizeWindow(workingDialogForm list(2902 419 273 133))
\o Copy succeeded.
\a cdsLibManager->libListBox->value = nil
\a cdsLibManager->libLineEdit->value = ""
\a cdsLibManager->cellListBox->value = nil
\a cdsLibManager->cellLineEdit->value = ""
\a cdsLibManager->libListBox->value = "KALLHALL_STD_LIB2"
\a cdsLibManager->libLineEdit->value = "KALLHALL_STD_LIB2"
\a cdsLibManager->cellListBox->value = "M4_M3_HV"
\a cdsLibManager->cellLineEdit->value = "M4_M3_HV"
\a cdsLibManager->viewListBox->value = "via"
\a cdsLibManager->viewLineEdit->value = "via"
\a cdsLibManager->viewLineEdit->value = ""
\a cdsLibManager->viewListBox->value = nil
\a cdsLibManager->viewListBox->value = "via"
\a cdsLibManager->viewLineEdit->value = "via"
\a cdsLibManager->viewLineEdit->value = ""
\a cdsLibManager->viewListBox->value = nil
\a copyCellForm->SkipLibrariesEdit->value = "*"
\a nrSetCurrentWindow(cdsLibManager)
\a nrResizeWindow(workingDialogForm list(2902 389 273 133))
\a cdsLibManager->cellListBox->value = "M4_M3_HH"
\a cdsLibManager->cellLineEdit->value = "M4_M3_HH"
\a cdsLibManager->viewListBox->value = "via"
\a cdsLibManager->viewLineEdit->value = "via"
\a cdsLibManager->cellListBox->value = "M4_M3_HV"
\a cdsLibManager->cellLineEdit->value = "M4_M3_HV"
\a cdsLibManager->viewLineEdit->value = ""
\a cdsLibManager->viewListBox->value = nil
\a cdsLibManager->viewListBox->value = "via"
\a cdsLibManager->viewLineEdit->value = "via"
\a cdsLibManager->cellListBox->value = "M4_M3_VH"
\a cdsLibManager->cellLineEdit->value = "M4_M3_VH"
\a cdsLibManager->viewLineEdit->value = ""
\a cdsLibManager->viewListBox->value = nil
\a cdsLibManager->viewListBox->value = "via"
\a cdsLibManager->viewLineEdit->value = "via"
\a cdsLibManager->cellListBox->value = "M4_M3_VV"
\a cdsLibManager->cellLineEdit->value = "M4_M3_VV"
\a cdsLibManager->viewLineEdit->value = ""
\a cdsLibManager->viewListBox->value = nil
\a cdsLibManager->viewListBox->value = "via"
\a cdsLibManager->viewLineEdit->value = "via"
\a nrSetWindowVisibility(cdsLibManager "hide")
\a nrSetWindowVisibility(cdsLibManager "show")
\a nrSetCurrentWindow(cdsLibManager)
\a nrSetCurrentWindow(cdsLibManager)
\a cdsLibManager->cellListBox->value = "NAND2X1"
\a cdsLibManager->cellLineEdit->value = "NAND2X1"
\a cdsLibManager->viewLineEdit->value = ""
\a cdsLibManager->viewListBox->value = nil
\a cdsLibManager->cellListBox->value = "NOR2X1"
\a cdsLibManager->cellLineEdit->value = "NOR2X1"
\a cdsLibManager->cellListBox->value = "M2_M1_VV"
\a cdsLibManager->cellLineEdit->value = "M2_M1_VV"
\a cdsLibManager->viewListBox->value = "via"
\a cdsLibManager->viewLineEdit->value = "via"
\a cdsLibManager->cellListBox->value = "M4_M3_VH"
\a cdsLibManager->cellLineEdit->value = "M4_M3_VH"
\a cdsLibManager->viewLineEdit->value = ""
\a cdsLibManager->viewListBox->value = nil
\a cdsLibManager->viewListBox->value = "via"
\a cdsLibManager->viewLineEdit->value = "via"
\a cdsLibManager->cellListBox->value = "M4_M3_VV"
\a cdsLibManager->cellLineEdit->value = "M4_M3_VV"
\a cdsLibManager->viewLineEdit->value = ""
\a cdsLibManager->viewListBox->value = nil
\a cdsLibManager->viewListBox->value = "via"
\a cdsLibManager->viewLineEdit->value = "via"
\a nrSetWindowVisibility(cdsLibManager "hide")
\a nrSetWindowVisibility(cdsLibManager "show")
\a nrSetWindowVisibility(cdsLibManager "hide")
\a nrSetWindowVisibility(cdsLibManager "show")
\a nrSetWindowVisibility(cdsLibManager "hide")
\a nrSetWindowVisibility(cdsLibManager "show")
\a nrSetWindowVisibility(cdsLibManager "hide")
\a nrSetWindowVisibility(cdsLibManager "show")
\a nrSetWindowVisibility(cdsLibManager "hide")
\a nrSetWindowVisibility(cdsLibManager "show")
\a nrSetWindowVisibility(cdsLibManager "hide")
\a nrSetWindowVisibility(cdsLibManager "show")
\a nrSetWindowVisibility(cdsLibManager "hide")
\a nrSetWindowVisibility(cdsLibManager "show")
\a nrSetWindowVisibility(cdsLibManager "hide")
\a nrSetWindowVisibility(cdsLibManager "show")
\a nrSetWindowVisibility(cdsLibManager "hide")
\a nrSetWindowVisibility(cdsLibManager "show")
\a nrSetCurrentWindow(cdsLibManager)
\a cdsLibManager->cellListBox->value = "BUFX2"
\a cdsLibManager->cellLineEdit->value = "BUFX2"
\a cdsLibManager->viewLineEdit->value = ""
\a cdsLibManager->viewListBox->value = nil
\a cdsLibManager->viewListBox->value = "abstract"
\a cdsLibManager->viewLineEdit->value = "abstract"
\a nrSetCurrentWindow(cdsLibManager)
\a cdsLibManager->viewListBox->value = "layout"
\a cdsLibManager->viewLineEdit->value = "layout"
\a cdsLibManager->viewListBox->value = "functional"
\a cdsLibManager->viewLineEdit->value = "functional"
\a cdsLibManager->viewListBox->value = "abstract"
\a cdsLibManager->viewLineEdit->value = "abstract"
\a cdsLibManager->viewListBox->value = "layout"
\a cdsLibManager->viewLineEdit->value = "layout"
\a cdsLibManager->viewListBox->value = "symbol"
\a cdsLibManager->viewLineEdit->value = "symbol"
\a cdsLibManager->viewListBox->value = "schematic"
\a cdsLibManager->viewLineEdit->value = "schematic"
\a cdsLibManager->viewListBox->value = "layout"
\a cdsLibManager->viewLineEdit->value = "layout"
\a nrSetCurrentWindow(cdsLibManager)
\a cdsLibManager->viewListBox->value = nil
\a cdsLibManager->viewLineEdit->value = ""
\a cdsLibManager->viewListBox->value = "layout"
\a cdsLibManager->viewLineEdit->value = "layout"
\a cdsLibManager->viewListBox->value = nil
\a cdsLibManager->viewLineEdit->value = ""
\a cdsLibManager->viewListBox->value = "layout"
\a cdsLibManager->viewLineEdit->value = "layout"
\o MPS request: edit design
\a nrListItemAction(cdsLibManager->gdmXTView 2 0)
\a nrSetCurrentWindow(cdsLibManager)
\a nrSetCurrentWindow(cdsLibManager)
\a nrSetCurrentWindow(cdsLibManager)
\a nrSetCurrentWindow(cdsLibManager)
\a nrSetCurrentWindow(cdsLibManager)
\a nrSetWindowVisibility(cdsLibManager "hide")
\a nrSetWindowVisibility(cdsLibManager "show")
\a nrSetWindowVisibility(cdsLibManager "hide")
\a nrSetWindowVisibility(cdsLibManager "show")
\a nrSetCurrentWindow(cdsLibManager)
\a nrSetWindowVisibility(cdsLibManager "hide")
\a _lmgrCloseIconify("cdsLibManager" 1)
\o MPS service: shutdown
\o libManager is exiting.
\a exit(0)
