********************************************************************************
Product   : Virtuoso(R) XStream In
Program   : @(#)$CDS: strmin version 6.1.8-64b 10/08/2019 19:40 (ip-172-18-22-58) $
          : sub-version  IC6.1.8-64b.500.7 
Started at: 30-Dec-2020  00:42:50
User Name : saul
Host Name : s2424
Directory : /home/saul/projects/KALLHALL
CADENCE Design Systems, Inc.
********************************************************************************
Info: Cellview Rev Num:99,  Tech Rev Num:59

WARNING (XSTRM-75): Target library 'TST_LVS' is attached to the technology library 'KAL3'. Therefore, the technology file is opened in read-only mode. All the undefined layer-purpose pairs will be dropped.
WARNING (XSTRM-107): Existing cells in the target library will be overwritten if the cell names in the Stream file and the target library are the same. To prevent this, set the '-writeMode' option to 'noOverwrite'.
INFO (XSTRM-217): Reading the layer map file, /home/saul/projects/KALLHALL/lvs_runs/xStrmOut_layerMap.txt
INFO (XSTRM-163): You have not used the viaMap option. If a viaMap file, corresponding techfile or technology library exist, then use the -viaMap option for creating oaVia instances in the Streamed-In library. Using the -viaMap option improves performance and VM usage of applications using the Streamed-In design. For details on the viaMap option, refer to the "Design Data Translator's Reference" guide for XStream.

Summary of Options:
	library				TST_LVS
	strmFile			/home/saul/projects/KALLHALL/lvs_runs/casc.gds
	logFile				strmIn.log
	view				layout
	case				Preserve
	layerMap			/home/saul/projects/KALLHALL/lvs_runs/xStrmOut_layerMap.txt
	propSeparator			,

INFO (XSTRM-220): 1. Translating STRUCTURE M1_PSUB_CDNS_1 as cellView TST_LVS/M1_PSUB_CDNS_1/layout.
INFO (XSTRM-220): 2. Translating STRUCTURE nmos4 as cellView TST_LVS/nmos4/layout.
INFO (XSTRM-220): 3. Translating STRUCTURE casc as cellView TST_LVS/casc/layout.

Summary of Objects Translated:
	Instances:                              3
	CustomVias:                             0
	StandardVias:                           0
	CdsGenVias:                             0
	Arrays:                                 0
	Polygons:                               0
	Paths:                                  1
	PathSegs:                               0
	Rectangles:                             24
	Text:                                   0
	Node:                                   0
	Line:                                   0
	Cells:                                  3

Elapsed Time: 0.3s   User Time: 0.1s   CPU Time: 0.1s   Peak VM: 3612KB
INFO (XSTRM-234): Translation completed. '0' error(s) and '2' warning(s) found.
